{"/Users/hs/Desktop/Portfolio_projects/nutritracker/app/api/bmi/route.ts": {"path":"/Users/hs/Desktop/Portfolio_projects/nutritracker/app/api/bmi/route.ts","statementMap":{"0":{"start":{"line":6,"column":0},"end":{"line":6,"column":7}},"1":{"start":{"line":1,"column":0},"end":{"line":1,"column":43}},"2":{"start":{"line":2,"column":0},"end":{"line":2,"column":49}},"3":{"start":{"line":4,"column":13},"end":{"line":4,"column":39}},"4":{"start":{"line":7,"column":2},"end":{"line":39,"column":3}},"5":{"start":{"line":8,"column":16},"end":{"line":8,"column":36}},"6":{"start":{"line":9,"column":30},"end":{"line":9,"column":80}},"7":{"start":{"line":11,"column":4},"end":{"line":16,"column":5}},"8":{"start":{"line":12,"column":6},"end":{"line":15,"column":8}},"9":{"start":{"line":19,"column":6},"end":{"line":19,"column":69}},"10":{"start":{"line":20,"column":4},"end":{"line":27,"column":5}},"11":{"start":{"line":21,"column":6},"end":{"line":26,"column":7}},"12":{"start":{"line":22,"column":8},"end":{"line":25,"column":10}},"13":{"start":{"line":29,"column":21},"end":{"line":29,"column":72}},"14":{"start":{"line":30,"column":4},"end":{"line":30,"column":73}},"15":{"start":{"line":32,"column":4},"end":{"line":38,"column":6}}},"fnMap":{"0":{"name":"GET","decl":{"start":{"line":6,"column":22},"end":{"line":6,"column":25}},"loc":{"start":{"line":6,"column":42},"end":{"line":40,"column":1}}}},"branchMap":{"0":{"loc":{"start":{"line":9,"column":30},"end":{"line":9,"column":80}},"type":"binary-expr","locations":[{"start":{"line":9,"column":30},"end":{"line":9,"column":71}},{"start":{"line":9,"column":75},"end":{"line":9,"column":80}}]},"1":{"loc":{"start":{"line":11,"column":4},"end":{"line":16,"column":5}},"type":"if","locations":[{"start":{"line":11,"column":4},"end":{"line":16,"column":5}},{"start":{},"end":{}}]},"2":{"loc":{"start":{"line":11,"column":8},"end":{"line":11,"column":66}},"type":"binary-expr","locations":[{"start":{"line":11,"column":8},"end":{"line":11,"column":35}},{"start":{"line":11,"column":39},"end":{"line":11,"column":66}}]},"3":{"loc":{"start":{"line":19,"column":6},"end":{"line":19,"column":69}},"type":"cond-expr","locations":[{"start":{"line":19,"column":36},"end":{"line":19,"column":51}},{"start":{"line":19,"column":54},"end":{"line":19,"column":69}}]},"4":{"loc":{"start":{"line":21,"column":6},"end":{"line":26,"column":7}},"type":"if","locations":[{"start":{"line":21,"column":6},"end":{"line":26,"column":7}},{"start":{},"end":{}}]},"5":{"loc":{"start":{"line":35,"column":10},"end":{"line":35,"column":84}},"type":"cond-expr","locations":[{"start":{"line":35,"column":33},"end":{"line":35,"column":44}},{"start":{"line":35,"column":47},"end":{"line":35,"column":84}}]}},"s":{"0":1,"1":1,"2":1,"3":1,"4":8,"5":8,"6":8,"7":8,"8":1,"9":7,"10":7,"11":12,"12":4,"13":3,"14":2,"15":1},"f":{"0":8},"b":{"0":[8,0],"1":[1,7],"2":[8,4],"3":[4,3],"4":[4,8],"5":[1,0]}}
,"/Users/hs/Desktop/Portfolio_projects/nutritracker/components/ThemeToggle.tsx": {"path":"/Users/hs/Desktop/Portfolio_projects/nutritracker/components/ThemeToggle.tsx","statementMap":{"0":{"start":{"line":5,"column":0},"end":{"line":5,"column":24}},"1":{"start":{"line":3,"column":0},"end":{"line":3,"column":44}},"2":{"start":{"line":6,"column":28},"end":{"line":6,"column":63}},"3":{"start":{"line":7,"column":32},"end":{"line":7,"column":47}},"4":{"start":{"line":9,"column":2},"end":{"line":23,"column":9}},"5":{"start":{"line":11,"column":19},"end":{"line":11,"column":48}},"6":{"start":{"line":12,"column":19},"end":{"line":12,"column":70}},"7":{"start":{"line":14,"column":4},"end":{"line":20,"column":5}},"8":{"start":{"line":15,"column":6},"end":{"line":15,"column":23}},"9":{"start":{"line":16,"column":6},"end":{"line":16,"column":53}},"10":{"start":{"line":18,"column":6},"end":{"line":18,"column":24}},"11":{"start":{"line":19,"column":6},"end":{"line":19,"column":56}},"12":{"start":{"line":22,"column":4},"end":{"line":22,"column":21}},"13":{"start":{"line":25,"column":22},"end":{"line":39,"column":3}},"14":{"start":{"line":26,"column":21},"end":{"line":26,"column":57}},"15":{"start":{"line":27,"column":4},"end":{"line":27,"column":56}},"16":{"start":{"line":28,"column":4},"end":{"line":28,"column":23}},"17":{"start":{"line":30,"column":4},"end":{"line":38,"column":5}},"18":{"start":{"line":31,"column":6},"end":{"line":31,"column":53}},"19":{"start":{"line":32,"column":6},"end":{"line":32,"column":44}},"20":{"start":{"line":33,"column":6},"end":{"line":33,"column":89}},"21":{"start":{"line":35,"column":6},"end":{"line":35,"column":56}},"22":{"start":{"line":36,"column":6},"end":{"line":36,"column":45}},"23":{"start":{"line":37,"column":6},"end":{"line":37,"column":91}},"24":{"start":{"line":42,"column":2},"end":{"line":60,"column":3}},"25":{"start":{"line":43,"column":4},"end":{"line":59,"column":6}},"26":{"start":{"line":62,"column":2},"end":{"line":106,"column":4}}},"fnMap":{"0":{"name":"ThemeToggle","decl":{"start":{"line":5,"column":24},"end":{"line":5,"column":35}},"loc":{"start":{"line":5,"column":35},"end":{"line":107,"column":1}}},"1":{"name":"(anonymous_1)","decl":{"start":{"line":9,"column":12},"end":{"line":9,"column":15}},"loc":{"start":{"line":9,"column":17},"end":{"line":23,"column":3}}},"2":{"name":"(anonymous_2)","decl":{"start":{"line":25,"column":22},"end":{"line":25,"column":25}},"loc":{"start":{"line":25,"column":27},"end":{"line":39,"column":3}}}},"branchMap":{"0":{"loc":{"start":{"line":14,"column":4},"end":{"line":20,"column":5}},"type":"if","locations":[{"start":{"line":14,"column":4},"end":{"line":20,"column":5}},{"start":{"line":17,"column":11},"end":{"line":20,"column":5}}]},"1":{"loc":{"start":{"line":14,"column":8},"end":{"line":14,"column":35}},"type":"binary-expr","locations":[{"start":{"line":14,"column":8},"end":{"line":14,"column":25}},{"start":{"line":14,"column":29},"end":{"line":14,"column":35}}]},"2":{"loc":{"start":{"line":26,"column":21},"end":{"line":26,"column":57}},"type":"cond-expr","locations":[{"start":{"line":26,"column":41},"end":{"line":26,"column":47}},{"start":{"line":26,"column":50},"end":{"line":26,"column":57}}]},"3":{"loc":{"start":{"line":30,"column":4},"end":{"line":38,"column":5}},"type":"if","locations":[{"start":{"line":30,"column":4},"end":{"line":38,"column":5}},{"start":{"line":34,"column":11},"end":{"line":38,"column":5}}]},"4":{"loc":{"start":{"line":42,"column":2},"end":{"line":60,"column":3}},"type":"if","locations":[{"start":{"line":42,"column":2},"end":{"line":60,"column":3}},{"start":{},"end":{}}]},"5":{"loc":{"start":{"line":68,"column":7},"end":{"line":103,"column":null}},"type":"cond-expr","locations":[{"start":{"line":69,"column":8},"end":{"line":80,"column":null}},{"start":{"line":83,"column":8},"end":{"line":102,"column":null}}]}},"s":{"0":1,"1":1,"2":18,"3":18,"4":18,"5":7,"6":7,"7":7,"8":2,"9":2,"10":5,"11":5,"12":7,"13":18,"14":4,"15":4,"16":4,"17":4,"18":2,"19":2,"20":2,"21":2,"22":2,"23":2,"24":18,"25":7,"26":11},"f":{"0":18,"1":7,"2":4},"b":{"0":[2,5],"1":[7,5],"2":[2,2],"3":[2,2],"4":[7,11],"5":[7,4]}}
,"/Users/hs/Desktop/Portfolio_projects/nutritracker/graphql/utils.ts": {"path":"/Users/hs/Desktop/Portfolio_projects/nutritracker/graphql/utils.ts","statementMap":{"0":{"start":{"line":7,"column":0},"end":{"line":7,"column":16}},"1":{"start":{"line":13,"column":0},"end":{"line":13,"column":16}},"2":{"start":{"line":8,"column":2},"end":{"line":8,"column":29}},"3":{"start":{"line":8,"column":17},"end":{"line":8,"column":29}},"4":{"start":{"line":9,"column":2},"end":{"line":9,"column":19}},"5":{"start":{"line":31,"column":2},"end":{"line":44,"column":4}},"6":{"start":{"line":33,"column":18},"end":{"line":33,"column":43}},"7":{"start":{"line":34,"column":6},"end":{"line":41,"column":8}}},"fnMap":{"0":{"name":"n","decl":{"start":{"line":7,"column":16},"end":{"line":7,"column":17}},"loc":{"start":{"line":7,"column":28},"end":{"line":10,"column":1}}},"1":{"name":"summarise","decl":{"start":{"line":13,"column":16},"end":{"line":13,"column":25}},"loc":{"start":{"line":22,"column":4},"end":{"line":45,"column":1}}},"2":{"name":"(anonymous_2)","decl":{"start":{"line":32,"column":4},"end":{"line":32,"column":5}},"loc":{"start":{"line":32,"column":17},"end":{"line":42,"column":5}}}},"branchMap":{"0":{"loc":{"start":{"line":8,"column":2},"end":{"line":8,"column":29}},"type":"if","locations":[{"start":{"line":8,"column":2},"end":{"line":8,"column":29}},{"start":{},"end":{}}]},"1":{"loc":{"start":{"line":33,"column":18},"end":{"line":33,"column":43}},"type":"binary-expr","locations":[{"start":{"line":33,"column":18},"end":{"line":33,"column":38}},{"start":{"line":33,"column":42},"end":{"line":33,"column":43}}]},"2":{"loc":{"start":{"line":35,"column":34},"end":{"line":35,"column":54}},"type":"cond-expr","locations":[{"start":{"line":35,"column":49},"end":{"line":35,"column":53}},{"start":{"line":35,"column":53},"end":{"line":35,"column":54}}]},"3":{"loc":{"start":{"line":35,"column":34},"end":{"line":35,"column":53}},"type":"binary-expr","locations":[{"start":{"line":35,"column":34},"end":{"line":35,"column":53}},{"start":{"line":35,"column":49},"end":{"line":35,"column":53}}]},"4":{"loc":{"start":{"line":36,"column":34},"end":{"line":36,"column":54}},"type":"cond-expr","locations":[{"start":{"line":36,"column":48},"end":{"line":36,"column":53}},{"start":{"line":36,"column":53},"end":{"line":36,"column":54}}]},"5":{"loc":{"start":{"line":36,"column":34},"end":{"line":36,"column":53}},"type":"binary-expr","locations":[{"start":{"line":36,"column":34},"end":{"line":36,"column":53}},{"start":{"line":36,"column":48},"end":{"line":36,"column":53}}]},"6":{"loc":{"start":{"line":37,"column":34},"end":{"line":37,"column":55}},"type":"cond-expr","locations":[{"start":{"line":37,"column":46},"end":{"line":37,"column":54}},{"start":{"line":37,"column":54},"end":{"line":37,"column":55}}]},"7":{"loc":{"start":{"line":37,"column":34},"end":{"line":37,"column":54}},"type":"binary-expr","locations":[{"start":{"line":37,"column":34},"end":{"line":37,"column":54}},{"start":{"line":37,"column":46},"end":{"line":37,"column":54}}]},"8":{"loc":{"start":{"line":38,"column":34},"end":{"line":38,"column":55}},"type":"cond-expr","locations":[{"start":{"line":38,"column":44},"end":{"line":38,"column":54}},{"start":{"line":38,"column":54},"end":{"line":38,"column":55}}]},"9":{"loc":{"start":{"line":38,"column":34},"end":{"line":38,"column":54}},"type":"binary-expr","locations":[{"start":{"line":38,"column":34},"end":{"line":38,"column":54}},{"start":{"line":38,"column":44},"end":{"line":38,"column":54}}]},"10":{"loc":{"start":{"line":39,"column":34},"end":{"line":39,"column":55}},"type":"cond-expr","locations":[{"start":{"line":39,"column":46},"end":{"line":39,"column":54}},{"start":{"line":39,"column":54},"end":{"line":39,"column":55}}]},"11":{"loc":{"start":{"line":39,"column":34},"end":{"line":39,"column":54}},"type":"binary-expr","locations":[{"start":{"line":39,"column":34},"end":{"line":39,"column":54}},{"start":{"line":39,"column":46},"end":{"line":39,"column":54}}]},"12":{"loc":{"start":{"line":40,"column":34},"end":{"line":40,"column":55}},"type":"cond-expr","locations":[{"start":{"line":40,"column":47},"end":{"line":40,"column":54}},{"start":{"line":40,"column":54},"end":{"line":40,"column":55}}]},"13":{"loc":{"start":{"line":40,"column":34},"end":{"line":40,"column":54}},"type":"binary-expr","locations":[{"start":{"line":40,"column":34},"end":{"line":40,"column":54}},{"start":{"line":40,"column":47},"end":{"line":40,"column":54}}]}},"s":{"0":1,"1":1,"2":42,"3":8,"4":34,"5":6,"6":6,"7":6},"f":{"0":42,"1":6,"2":6},"b":{"0":[8,34],"1":[6,1],"2":[5,1],"3":[6,5],"4":[5,1],"5":[6,5],"6":[5,1],"7":[6,5],"8":[5,1],"9":[6,5],"10":[5,1],"11":[6,5],"12":[5,1],"13":[6,5]}}
,"/Users/hs/Desktop/Portfolio_projects/nutritracker/lib/nutrient-mapper.ts": {"path":"/Users/hs/Desktop/Portfolio_projects/nutritracker/lib/nutrient-mapper.ts","statementMap":{"0":{"start":{"line":96,"column":0},"end":{"line":96,"column":16}},"1":{"start":{"line":123,"column":0},"end":{"line":123,"column":16}},"2":{"start":{"line":50,"column":60},"end":{"line":91,"column":2}},"3":{"start":{"line":104,"column":2},"end":{"line":106,"column":3}},"4":{"start":{"line":105,"column":4},"end":{"line":105,"column":14}},"5":{"start":{"line":108,"column":34},"end":{"line":108,"column":36}},"6":{"start":{"line":110,"column":2},"end":{"line":115,"column":3}},"7":{"start":{"line":111,"column":22},"end":{"line":111,"column":58}},"8":{"start":{"line":112,"column":4},"end":{"line":114,"column":5}},"9":{"start":{"line":113,"column":6},"end":{"line":113,"column":44}},"10":{"start":{"line":117,"column":2},"end":{"line":117,"column":19}},"11":{"start":{"line":128,"column":129},"end":{"line":163,"column":4}},"12":{"start":{"line":165,"column":2},"end":{"line":165,"column":19}}},"fnMap":{"0":{"name":"extractNutrients","decl":{"start":{"line":96,"column":16},"end":{"line":96,"column":32}},"loc":{"start":{"line":102,"column":4},"end":{"line":118,"column":1}}},"1":{"name":"getNutrientDisplayInfo","decl":{"start":{"line":123,"column":16},"end":{"line":123,"column":38}},"loc":{"start":{"line":123,"column":62},"end":{"line":166,"column":1}}}},"branchMap":{"0":{"loc":{"start":{"line":104,"column":2},"end":{"line":106,"column":3}},"type":"if","locations":[{"start":{"line":104,"column":2},"end":{"line":106,"column":3}},{"start":{},"end":{}}]},"1":{"loc":{"start":{"line":104,"column":6},"end":{"line":104,"column":50}},"type":"binary-expr","locations":[{"start":{"line":104,"column":6},"end":{"line":104,"column":20}},{"start":{"line":104,"column":24},"end":{"line":104,"column":50}}]},"2":{"loc":{"start":{"line":112,"column":4},"end":{"line":114,"column":5}},"type":"if","locations":[{"start":{"line":112,"column":4},"end":{"line":114,"column":5}},{"start":{},"end":{}}]}},"s":{"0":1,"1":1,"2":1,"3":6,"4":2,"5":4,"6":4,"7":10,"8":10,"9":8,"10":4,"11":5,"12":5},"f":{"0":6,"1":5},"b":{"0":[2,4],"1":[6,5],"2":[8,2]}}
,"/Users/hs/Desktop/Portfolio_projects/nutritracker/lib/rapidapi.ts": {"path":"/Users/hs/Desktop/Portfolio_projects/nutritracker/lib/rapidapi.ts","statementMap":{"0":{"start":{"line":19,"column":0},"end":{"line":19,"column":7}},"1":{"start":{"line":7,"column":14},"end":{"line":7,"column":38}},"2":{"start":{"line":8,"column":15},"end":{"line":8,"column":81}},"3":{"start":{"line":10,"column":2},"end":{"line":14,"column":3}},"4":{"start":{"line":11,"column":4},"end":{"line":13,"column":6}},"5":{"start":{"line":16,"column":2},"end":{"line":16,"column":23}},"6":{"start":{"line":23,"column":24},"end":{"line":23,"column":43}},"7":{"start":{"line":24,"column":14},"end":{"line":24,"column":65}},"8":{"start":{"line":26,"column":2},"end":{"line":68,"column":3}},"9":{"start":{"line":27,"column":21},"end":{"line":35,"column":6}},"10":{"start":{"line":37,"column":20},"end":{"line":37,"column":41}},"11":{"start":{"line":39,"column":4},"end":{"line":46,"column":5}},"12":{"start":{"line":40,"column":6},"end":{"line":40,"column":57}},"13":{"start":{"line":42,"column":6},"end":{"line":45,"column":8}},"14":{"start":{"line":48,"column":4},"end":{"line":57,"column":5}},"15":{"start":{"line":49,"column":6},"end":{"line":56,"column":8}},"16":{"start":{"line":59,"column":4},"end":{"line":59,"column":56}},"17":{"start":{"line":61,"column":4},"end":{"line":67,"column":6}}},"fnMap":{"0":{"name":"getRapidApiConfig","decl":{"start":{"line":6,"column":9},"end":{"line":6,"column":26}},"loc":{"start":{"line":6,"column":26},"end":{"line":17,"column":1}}},"1":{"name":"rapidApiGetJson","decl":{"start":{"line":19,"column":22},"end":{"line":19,"column":37}},"loc":{"start":{"line":21,"column":31},"end":{"line":69,"column":1}}}},"branchMap":{"0":{"loc":{"start":{"line":8,"column":15},"end":{"line":8,"column":81}},"type":"binary-expr","locations":[{"start":{"line":8,"column":15},"end":{"line":8,"column":40}},{"start":{"line":8,"column":44},"end":{"line":8,"column":81}}]},"1":{"loc":{"start":{"line":10,"column":2},"end":{"line":14,"column":3}},"type":"if","locations":[{"start":{"line":10,"column":2},"end":{"line":14,"column":3}},{"start":{},"end":{}}]},"2":{"loc":{"start":{"line":40,"column":13},"end":{"line":40,"column":56}},"type":"cond-expr","locations":[{"start":{"line":40,"column":30},"end":{"line":40,"column":49}},{"start":{"line":40,"column":52},"end":{"line":40,"column":56}}]},"3":{"loc":{"start":{"line":48,"column":4},"end":{"line":57,"column":5}},"type":"if","locations":[{"start":{"line":48,"column":4},"end":{"line":57,"column":5}},{"start":{},"end":{}}]},"4":{"loc":{"start":{"line":65,"column":17},"end":{"line":65,"column":65}},"type":"cond-expr","locations":[{"start":{"line":65,"column":40},"end":{"line":65,"column":51}},{"start":{"line":65,"column":54},"end":{"line":65,"column":65}}]}},"s":{"0":1,"1":0,"2":0,"3":0,"4":0,"5":0,"6":0,"7":0,"8":0,"9":0,"10":0,"11":0,"12":0,"13":0,"14":0,"15":0,"16":0,"17":0},"f":{"0":0,"1":0},"b":{"0":[0,0],"1":[0,0],"2":[0,0],"3":[0,0],"4":[0,0]}}
,"/Users/hs/Desktop/Portfolio_projects/nutritracker/store/uiSlice.ts": {"path":"/Users/hs/Desktop/Portfolio_projects/nutritracker/store/uiSlice.ts","statementMap":{"0":{"start":{"line":5,"column":0},"end":{"line":5,"column":62}},"1":{"start":{"line":53,"column":30},"end":{"line":78,"column":2}},"2":{"start":{"line":80,"column":13},"end":{"line":149,"column":3}},"3":{"start":{"line":86,"column":6},"end":{"line":86,"column":48}},"4":{"start":{"line":89,"column":6},"end":{"line":89,"column":75}},"5":{"start":{"line":92,"column":6},"end":{"line":92,"column":50}},"6":{"start":{"line":93,"column":6},"end":{"line":93,"column":44}},"7":{"start":{"line":94,"column":6},"end":{"line":94,"column":45}},"8":{"start":{"line":95,"column":6},"end":{"line":95,"column":39}},"9":{"start":{"line":98,"column":6},"end":{"line":98,"column":55}},"10":{"start":{"line":101,"column":6},"end":{"line":101,"column":57}},"11":{"start":{"line":104,"column":6},"end":{"line":104,"column":48}},"12":{"start":{"line":109,"column":6},"end":{"line":109,"column":42}},"13":{"start":{"line":112,"column":6},"end":{"line":112,"column":49}},"14":{"start":{"line":113,"column":6},"end":{"line":113,"column":37}},"15":{"start":{"line":114,"column":6},"end":{"line":114,"column":38}},"16":{"start":{"line":117,"column":6},"end":{"line":117,"column":48}},"17":{"start":{"line":120,"column":6},"end":{"line":120,"column":50}},"18":{"start":{"line":123,"column":6},"end":{"line":123,"column":45}},"19":{"start":{"line":126,"column":6},"end":{"line":126,"column":48}},"20":{"start":{"line":129,"column":6},"end":{"line":129,"column":51}},"21":{"start":{"line":132,"column":6},"end":{"line":132,"column":43}},"22":{"start":{"line":135,"column":6},"end":{"line":135,"column":51}},"23":{"start":{"line":140,"column":6},"end":{"line":140,"column":47}},"24":{"start":{"line":143,"column":6},"end":{"line":143,"column":45}},"25":{"start":{"line":146,"column":6},"end":{"line":146,"column":50}},"26":{"start":{"line":151,"column":13},"end":{"line":172,"column":null}}},"fnMap":{"0":{"name":"(anonymous_0)","decl":{"start":{"line":85,"column":4},"end":{"line":85,"column":15}},"loc":{"start":{"line":85,"column":54},"end":{"line":87,"column":5}}},"1":{"name":"(anonymous_1)","decl":{"start":{"line":88,"column":4},"end":{"line":88,"column":26}},"loc":{"start":{"line":88,"column":32},"end":{"line":90,"column":5}}},"2":{"name":"(anonymous_2)","decl":{"start":{"line":91,"column":4},"end":{"line":91,"column":17}},"loc":{"start":{"line":91,"column":62},"end":{"line":96,"column":5}}},"3":{"name":"(anonymous_3)","decl":{"start":{"line":97,"column":4},"end":{"line":97,"column":22}},"loc":{"start":{"line":97,"column":59},"end":{"line":99,"column":5}}},"4":{"name":"(anonymous_4)","decl":{"start":{"line":100,"column":4},"end":{"line":100,"column":24}},"loc":{"start":{"line":100,"column":61},"end":{"line":102,"column":5}}},"5":{"name":"(anonymous_5)","decl":{"start":{"line":103,"column":4},"end":{"line":103,"column":15}},"loc":{"start":{"line":103,"column":53},"end":{"line":105,"column":5}}},"6":{"name":"(anonymous_6)","decl":{"start":{"line":108,"column":4},"end":{"line":108,"column":18}},"loc":{"start":{"line":108,"column":55},"end":{"line":110,"column":5}}},"7":{"name":"(anonymous_7)","decl":{"start":{"line":111,"column":4},"end":{"line":111,"column":19}},"loc":{"start":{"line":111,"column":65},"end":{"line":115,"column":5}}},"8":{"name":"(anonymous_8)","decl":{"start":{"line":116,"column":4},"end":{"line":116,"column":18}},"loc":{"start":{"line":116,"column":55},"end":{"line":118,"column":5}}},"9":{"name":"(anonymous_9)","decl":{"start":{"line":119,"column":4},"end":{"line":119,"column":20}},"loc":{"start":{"line":119,"column":57},"end":{"line":121,"column":5}}},"10":{"name":"(anonymous_10)","decl":{"start":{"line":122,"column":4},"end":{"line":122,"column":15}},"loc":{"start":{"line":122,"column":52},"end":{"line":124,"column":5}}},"11":{"name":"(anonymous_11)","decl":{"start":{"line":125,"column":4},"end":{"line":125,"column":18}},"loc":{"start":{"line":125,"column":56},"end":{"line":127,"column":5}}},"12":{"name":"(anonymous_12)","decl":{"start":{"line":128,"column":4},"end":{"line":128,"column":21}},"loc":{"start":{"line":128,"column":65},"end":{"line":130,"column":5}}},"13":{"name":"(anonymous_13)","decl":{"start":{"line":131,"column":4},"end":{"line":131,"column":13}},"loc":{"start":{"line":131,"column":51},"end":{"line":133,"column":5}}},"14":{"name":"(anonymous_14)","decl":{"start":{"line":134,"column":4},"end":{"line":134,"column":21}},"loc":{"start":{"line":134,"column":59},"end":{"line":136,"column":5}}},"15":{"name":"(anonymous_15)","decl":{"start":{"line":139,"column":4},"end":{"line":139,"column":16}},"loc":{"start":{"line":139,"column":57},"end":{"line":141,"column":5}}},"16":{"name":"(anonymous_16)","decl":{"start":{"line":142,"column":4},"end":{"line":142,"column":14}},"loc":{"start":{"line":142,"column":51},"end":{"line":144,"column":5}}},"17":{"name":"(anonymous_17)","decl":{"start":{"line":145,"column":4},"end":{"line":145,"column":19}},"loc":{"start":{"line":145,"column":57},"end":{"line":147,"column":5}}}},"branchMap":{},"s":{"0":1,"1":1,"2":1,"3":2,"4":2,"5":3,"6":3,"7":3,"8":3,"9":2,"10":1,"11":3,"12":1,"13":3,"14":3,"15":3,"16":1,"17":1,"18":1,"19":1,"20":0,"21":1,"22":1,"23":1,"24":1,"25":2,"26":1},"f":{"0":2,"1":2,"2":3,"3":2,"4":1,"5":3,"6":1,"7":3,"8":1,"9":1,"10":1,"11":1,"12":0,"13":1,"14":1,"15":1,"16":1,"17":2},"b":{}}
}
