TN:
SF:app/api/bmi/route.ts
FN:6,GET
FNF:1
FNH:1
FNDA:8,GET
DA:1,1
DA:2,1
DA:4,1
DA:6,1
DA:7,8
DA:8,8
DA:9,8
DA:11,8
DA:12,1
DA:19,7
DA:20,7
DA:21,12
DA:22,4
DA:29,3
DA:30,2
DA:32,1
LF:16
LH:16
BRDA:9,0,0,8
BRDA:9,0,1,0
BRDA:11,1,0,1
BRDA:11,1,1,7
BRDA:11,2,0,8
BRDA:11,2,1,4
BRDA:19,3,0,4
BRDA:19,3,1,3
BRDA:21,4,0,4
BRDA:21,4,1,8
BRDA:35,5,0,1
BRDA:35,5,1,0
BRF:12
BRH:10
end_of_record
TN:
SF:components/ThemeToggle.tsx
FN:5,ThemeToggle
FN:9,(anonymous_1)
FN:25,(anonymous_2)
FNF:3
FNH:3
FNDA:18,ThemeToggle
FNDA:7,(anonymous_1)
FNDA:4,(anonymous_2)
DA:3,1
DA:5,1
DA:6,18
DA:7,18
DA:9,18
DA:11,7
DA:12,7
DA:14,7
DA:15,2
DA:16,2
DA:18,5
DA:19,5
DA:22,7
DA:25,18
DA:26,4
DA:27,4
DA:28,4
DA:30,4
DA:31,2
DA:32,2
DA:33,2
DA:35,2
DA:36,2
DA:37,2
DA:42,18
DA:43,7
DA:62,11
LF:27
LH:27
BRDA:14,0,0,2
BRDA:14,0,1,5
BRDA:14,1,0,7
BRDA:14,1,1,5
BRDA:26,2,0,2
BRDA:26,2,1,2
BRDA:30,3,0,2
BRDA:30,3,1,2
BRDA:42,4,0,7
BRDA:42,4,1,11
BRDA:68,5,0,7
BRDA:68,5,1,4
BRF:12
BRH:12
end_of_record
TN:
SF:graphql/utils.ts
FN:7,n
FN:13,summarise
FN:32,(anonymous_2)
FNF:3
FNH:3
FNDA:42,n
FNDA:6,summarise
FNDA:6,(anonymous_2)
DA:7,1
DA:8,42
DA:9,34
DA:13,1
DA:31,6
DA:33,6
DA:34,6
LF:7
LH:7
BRDA:8,0,0,8
BRDA:8,0,1,34
BRDA:33,1,0,6
BRDA:33,1,1,1
BRDA:35,2,0,5
BRDA:35,2,1,1
BRDA:35,3,0,6
BRDA:35,3,1,5
BRDA:36,4,0,5
BRDA:36,4,1,1
BRDA:36,5,0,6
BRDA:36,5,1,5
BRDA:37,6,0,5
BRDA:37,6,1,1
BRDA:37,7,0,6
BRDA:37,7,1,5
BRDA:38,8,0,5
BRDA:38,8,1,1
BRDA:38,9,0,6
BRDA:38,9,1,5
BRDA:39,10,0,5
BRDA:39,10,1,1
BRDA:39,11,0,6
BRDA:39,11,1,5
BRDA:40,12,0,5
BRDA:40,12,1,1
BRDA:40,13,0,6
BRDA:40,13,1,5
BRF:28
BRH:28
end_of_record
TN:
SF:lib/nutrient-mapper.ts
FN:96,extractNutrients
FN:123,getNutrientDisplayInfo
FNF:2
FNH:2
FNDA:6,extractNutrients
FNDA:5,getNutrientDisplayInfo
DA:50,1
DA:96,1
DA:104,6
DA:105,2
DA:108,4
DA:110,4
DA:111,10
DA:112,10
DA:113,8
DA:117,4
DA:123,1
DA:128,5
DA:165,5
LF:13
LH:13
BRDA:104,0,0,2
BRDA:104,0,1,4
BRDA:104,1,0,6
BRDA:104,1,1,5
BRDA:112,2,0,8
BRDA:112,2,1,2
BRF:6
BRH:6
end_of_record
TN:
SF:lib/rapidapi.ts
FN:6,getRapidApiConfig
FN:19,rapidApiGetJson
FNF:2
FNH:0
FNDA:0,getRapidApiConfig
FNDA:0,rapidApiGetJson
DA:7,0
DA:8,0
DA:10,0
DA:11,0
DA:16,0
DA:19,1
DA:23,0
DA:24,0
DA:26,0
DA:27,0
DA:37,0
DA:39,0
DA:40,0
DA:42,0
DA:48,0
DA:49,0
DA:59,0
DA:61,0
LF:18
LH:1
BRDA:8,0,0,0
BRDA:8,0,1,0
BRDA:10,1,0,0
BRDA:10,1,1,0
BRDA:40,2,0,0
BRDA:40,2,1,0
BRDA:48,3,0,0
BRDA:48,3,1,0
BRDA:65,4,0,0
BRDA:65,4,1,0
BRF:10
BRH:0
end_of_record
TN:
SF:store/uiSlice.ts
FN:85,(anonymous_0)
FN:88,(anonymous_1)
FN:91,(anonymous_2)
FN:97,(anonymous_3)
FN:100,(anonymous_4)
FN:103,(anonymous_5)
FN:108,(anonymous_6)
FN:111,(anonymous_7)
FN:116,(anonymous_8)
FN:119,(anonymous_9)
FN:122,(anonymous_10)
FN:125,(anonymous_11)
FN:128,(anonymous_12)
FN:131,(anonymous_13)
FN:134,(anonymous_14)
FN:139,(anonymous_15)
FN:142,(anonymous_16)
FN:145,(anonymous_17)
FNF:18
FNH:17
FNDA:2,(anonymous_0)
FNDA:2,(anonymous_1)
FNDA:3,(anonymous_2)
FNDA:2,(anonymous_3)
FNDA:1,(anonymous_4)
FNDA:3,(anonymous_5)
FNDA:1,(anonymous_6)
FNDA:3,(anonymous_7)
FNDA:1,(anonymous_8)
FNDA:1,(anonymous_9)
FNDA:1,(anonymous_10)
FNDA:1,(anonymous_11)
FNDA:0,(anonymous_12)
FNDA:1,(anonymous_13)
FNDA:1,(anonymous_14)
FNDA:1,(anonymous_15)
FNDA:1,(anonymous_16)
FNDA:2,(anonymous_17)
DA:5,1
DA:53,1
DA:80,1
DA:86,2
DA:89,2
DA:92,3
DA:93,3
DA:94,3
DA:95,3
DA:98,2
DA:101,1
DA:104,3
DA:109,1
DA:112,3
DA:113,3
DA:114,3
DA:117,1
DA:120,1
DA:123,1
DA:126,1
DA:129,0
DA:132,1
DA:135,1
DA:140,1
DA:143,1
DA:146,2
DA:151,1
LF:27
LH:26
BRF:0
BRH:0
end_of_record
